Determining if the pthread_create exist failed with the following output:
Change Dir: /home/luka/Downloads/a2-login/build/CMakeFiles/CMakeTmp

Run Build Command:"/usr/bin/make" "cmTC_a6230/fast"
/usr/bin/make -f CMakeFiles/cmTC_a6230.dir/build.make CMakeFiles/cmTC_a6230.dir/build
make[1]: Entering directory '/home/luka/Downloads/a2-login/build/CMakeFiles/CMakeTmp'
Building C object CMakeFiles/cmTC_a6230.dir/CheckSymbolExists.c.o
/usr/bin/cc    -o CMakeFiles/cmTC_a6230.dir/CheckSymbolExists.c.o   -c /home/luka/Downloads/a2-login/build/CMakeFiles/CMakeTmp/CheckSymbolExists.c
Linking C executable cmTC_a6230
/usr/local/bin/cmake -E cmake_link_script CMakeFiles/cmTC_a6230.dir/link.txt --verbose=1
/usr/bin/cc      CMakeFiles/cmTC_a6230.dir/CheckSymbolExists.c.o  -o cmTC_a6230 
CMakeFiles/cmTC_a6230.dir/CheckSymbolExists.c.o: In function `main':
CheckSymbolExists.c:(.text+0x16): undefined reference to `pthread_create'
collect2: error: ld returned 1 exit status
CMakeFiles/cmTC_a6230.dir/build.make:97: recipe for target 'cmTC_a6230' failed
make[1]: *** [cmTC_a6230] Error 1
make[1]: Leaving directory '/home/luka/Downloads/a2-login/build/CMakeFiles/CMakeTmp'
Makefile:126: recipe for target 'cmTC_a6230/fast' failed
make: *** [cmTC_a6230/fast] Error 2

File /home/luka/Downloads/a2-login/build/CMakeFiles/CMakeTmp/CheckSymbolExists.c:
/* */
#include <pthread.h>

int main(int argc, char** argv)
{
  (void)argv;
#ifndef pthread_create
  return ((int*)(&pthread_create))[argc];
#else
  (void)argc;
  return 0;
#endif
}

Determining if the function pthread_create exists in the pthreads failed with the following output:
Change Dir: /home/luka/Downloads/a2-login/build/CMakeFiles/CMakeTmp

Run Build Command:"/usr/bin/make" "cmTC_9b269/fast"
/usr/bin/make -f CMakeFiles/cmTC_9b269.dir/build.make CMakeFiles/cmTC_9b269.dir/build
make[1]: Entering directory '/home/luka/Downloads/a2-login/build/CMakeFiles/CMakeTmp'
Building C object CMakeFiles/cmTC_9b269.dir/CheckFunctionExists.c.o
/usr/bin/cc   -DCHECK_FUNCTION_EXISTS=pthread_create   -o CMakeFiles/cmTC_9b269.dir/CheckFunctionExists.c.o   -c /usr/local/share/cmake-3.10/Modules/CheckFunctionExists.c
Linking C executable cmTC_9b269
/usr/local/bin/cmake -E cmake_link_script CMakeFiles/cmTC_9b269.dir/link.txt --verbose=1
/usr/bin/cc  -DCHECK_FUNCTION_EXISTS=pthread_create    CMakeFiles/cmTC_9b269.dir/CheckFunctionExists.c.o  -o cmTC_9b269 -lpthreads 
/usr/bin/ld: cannot find -lpthreads
collect2: error: ld returned 1 exit status
CMakeFiles/cmTC_9b269.dir/build.make:97: recipe for target 'cmTC_9b269' failed
make[1]: *** [cmTC_9b269] Error 1
make[1]: Leaving directory '/home/luka/Downloads/a2-login/build/CMakeFiles/CMakeTmp'
Makefile:126: recipe for target 'cmTC_9b269/fast' failed
make: *** [cmTC_9b269/fast] Error 2


